<?xml version="1.0" encoding="UTF-8"?>
<!-- Generated by org.testng.reporters.JUnitReportReporter -->
<testsuite skipped="0" hostname="DESKTOP-FEA654K" name="pfPack.PFProj.tests.LoginTest" tests="1" failures="0" timestamp="10 Mar 2019 16:44:05 GMT" time="54.579" errors="0">
  <testcase name="testLogin" time="54.579" classname="pfPack.PFProj.tests.LoginTest"/>
</testsuite> <!-- pfPack.PFProj.tests.LoginTest -->
